<?xml version="1.0" encoding="UTF-8"?>
<!-- Generated by org.testng.reporters.JUnitXMLReporter -->
<testsuite ignored="1" hostname="bhupeshs-MacBook-Pro.local" failures="0" tests="3" name="Test" time="18.394" errors="0" timestamp="2022-11-05T18:20:58 IST">
  <testcase classname="com.bhupesh.selenium.HomePage" name="LaunchTest" time="6.174"/>
  <testcase classname="com.bhupesh.selenium.HomePage" name="Logout" time="0.486"/>
  <testcase classname="com.bhupesh.selenium.TableTest" name="DeleteTableRecordsTest" time="9.285"/>
  <testcase classname="com.bhupesh.components.TestBase" name="@BeforeSuite Initialize" time="0.0">
    <ignored/>
  </testcase> <!-- @BeforeSuite Initialize -->
</testsuite> <!-- Test -->
