<?xml version="1.0" encoding="UTF-8"?>
<!-- Generated by org.testng.reporters.JUnitXMLReporter -->
<testsuite ignored="1" hostname="bhupeshs-MacBook-Pro.local" failures="0" tests="1" name="Command line test" time="12.598" errors="0" timestamp="2022-11-05T17:17:50 IST">
  <testcase classname="com.bhupesh.selenium.TableTest" name="DeleteTableRecordsTest" time="5.519"/>
  <testcase classname="com.bhupesh.components.TestBase" name="@BeforeSuite Initialize" time="0.0">
    <ignored/>
  </testcase> <!-- @BeforeSuite Initialize -->
</testsuite> <!-- Command line test -->
