<?xml version="1.0" encoding="UTF-8"?>
<!-- Generated by org.testng.reporters.JUnitXMLReporter -->
<testsuite ignored="1" hostname="bhupeshs-MacBook-Pro.local" failures="0" tests="3" name="Test" time="51.688" errors="0" timestamp="2022-11-06T15:51:44 IST">
  <testcase classname="com.bhupesh.selenium.HomePage" name="LaunchTest" time="16.087"/>
  <testcase classname="com.bhupesh.selenium.HomePage" name="Logout" time="0.503"/>
  <testcase classname="com.bhupesh.selenium.TableTest" name="DeleteTableRecordsTest" time="14.096"/>
  <testcase classname="com.bhupesh.components.TestBase" name="@BeforeSuite Initialize" time="0.0">
    <ignored/>
  </testcase> <!-- @BeforeSuite Initialize -->
</testsuite> <!-- Test -->
