<?xml version="1.0" encoding="UTF-8"?>
<testsuite xmlns:xsi="http://www.w3.org/2001/XMLSchema-instance" xsi:noNamespaceSchemaLocation="https://maven.apache.org/surefire/maven-surefire-plugin/xsd/surefire-test-report-3.0.xsd" version="3.0" name="TestSuite" time="58.426" tests="3" errors="0" skipped="0" failures="0">
  <properties>
[...]
</properties>
  <testcase name="LaunchTest" classname="com.bhupesh.selenium.HomePage" time="17.059">
    <system-out><![CDATA[<<<<<<<<<<<<<Before Test :LaunchTest>>>>>>>>>>>>>
ˍˍˍˍˍˍˍˍelement search start----------
ˍˍˍˍˍˍˍˍelement search end----------
***********login page found*************
]]></system-out>
    <system-err><![CDATA[SLF4J: Failed to load class "org.slf4j.impl.StaticLoggerBinder".
SLF4J: Defaulting to no-operation (NOP) logger implementation
SLF4J: See http://www.slf4j.org/codes.html#StaticLoggerBinder for further details.
Starting ChromeDriver 107.0.5304.62 (1eec40d3a5764881c92085aaee66d25075c159aa-refs/branch-heads/5304@{#942}) on port 57872
Only local connections are allowed.
Please see https://chromedriver.chromium.org/security-considerations for suggestions on keeping ChromeDriver safe.
ChromeDriver was started successfully.
Nov 06, 2022 3:50:59 PM org.openqa.selenium.remote.ProtocolHandshake createSession
INFO: Detected upstream dialect: W3C
Nov 06, 2022 3:50:59 PM org.openqa.selenium.devtools.CdpVersionFinder findNearestMatch
WARNING: Unable to find an exact match for CDP version 107, so returning the closest version found: 104
Nov 06, 2022 3:50:59 PM org.openqa.selenium.devtools.CdpVersionFinder findNearestMatch
INFO: Found CDP implementation for version 107 of 104
]]></system-err>
  </testcase>
  <testcase name="Logout" classname="com.bhupesh.selenium.HomePage" time="0.983">
    <system-out><![CDATA[<<<<<<<<<<<<<Test Status :1>>>>>>>>>>>>>
<<<<<<<<<<<<<Before Test :LaunchTest>>>>>>>>>>>>>
<<<<<<<<<<<<<Before Test :Logout>>>>>>>>>>>>>
Element found
Element found
]]></system-out>
  </testcase>
  <testcase name="DeleteTableRecordsTest" classname="com.bhupesh.selenium.TableTest" time="14.489">
    <system-out><![CDATA[<<<<<<<<<<<<<Test Status :1>>>>>>>>>>>>>
<<<<<<<<<<<<<Before Test :Logout>>>>>>>>>>>>>
<<<<<<<<<<<<<<<<<driver instance closed>>>>>>>>>>>>>>>>>
<<<<<<<<<<<<<Before Test :DeleteTableRecordsTest>>>>>>>>>>>>>
ˍˍˍˍˍˍˍˍelement search start----------
ˍˍˍˍˍˍˍˍelement search end----------
***********login page found*************
Element found
ToolsQA
############Row count Before = 3
#############Row count AFter delete = 2
]]></system-out>
    <system-err><![CDATA[Starting ChromeDriver 107.0.5304.62 (1eec40d3a5764881c92085aaee66d25075c159aa-refs/branch-heads/5304@{#942}) on port 53970
Only local connections are allowed.
Please see https://chromedriver.chromium.org/security-considerations for suggestions on keeping ChromeDriver safe.
ChromeDriver was started successfully.
Nov 06, 2022 3:51:24 PM org.openqa.selenium.remote.ProtocolHandshake createSession
INFO: Detected upstream dialect: W3C
Nov 06, 2022 3:51:24 PM org.openqa.selenium.devtools.CdpVersionFinder findNearestMatch
WARNING: Unable to find an exact match for CDP version 107, so returning the closest version found: 104
Nov 06, 2022 3:51:24 PM org.openqa.selenium.devtools.CdpVersionFinder findNearestMatch
INFO: Found CDP implementation for version 107 of 104
]]></system-err>
  </testcase>
</testsuite>