<?xml version="1.0" encoding="UTF-8"?>
<testng-results ignored="1" total="4" passed="3" failed="0" skipped="0">
  <reporter-output>
    <line>
      <![CDATA[LaunchTest method ends]]>
    </line>
    <line>
      <![CDATA[Logout method ends]]>
    </line>
    <line>
      <![CDATA[DeleteTableRecordsTest method ends]]>
    </line>
  </reporter-output>
  <suite started-at="2022-11-06T15:50:47 IST" name="Suite" finished-at="2022-11-06T15:51:39 IST" duration-ms="51688">
    <groups>
      <group name="smoke">
        <method signature="TableTest.DeleteTableRecordsTest()[pri:0, instance:com.bhupesh.selenium.TableTest@20d28811]" name="DeleteTableRecordsTest" class="com.bhupesh.selenium.TableTest"/>
      </group> <!-- smoke -->
    </groups>
    <test started-at="2022-11-06T15:50:47 IST" name="Test" finished-at="2022-11-06T15:51:39 IST" duration-ms="51688">
      <class name="com.bhupesh.selenium.HomePage">
        <test-method is-config="true" signature="Initialize()[pri:0, instance:com.bhupesh.selenium.HomePage@6e0dec4a]" started-at="2022-11-06T15:50:47 IST" name="Initialize" finished-at="2022-11-06T15:50:47 IST" duration-ms="671" status="PASS">
          <reporter-output>
          </reporter-output>
        </test-method> <!-- Initialize -->
        <test-method is-config="true" signature="PrepareTest()[pri:0, instance:com.bhupesh.selenium.HomePage@6e0dec4a]" started-at="2022-11-06T15:50:47 IST" name="PrepareTest" finished-at="2022-11-06T15:50:59 IST" duration-ms="11656" status="PASS">
          <reporter-output>
          </reporter-output>
        </test-method> <!-- PrepareTest -->
        <test-method is-config="true" signature="setup(java.lang.reflect.Method)[pri:0, instance:com.bhupesh.selenium.HomePage@6e0dec4a]" started-at="2022-11-06T15:50:59 IST" name="setup" finished-at="2022-11-06T15:50:59 IST" duration-ms="4" status="PASS">
          <params>
            <param index="0">
              <value>
                <![CDATA[public void com.bhupesh.selenium.HomePage.LaunchTest()]]>
              </value>
            </param>
          </params>
          <reporter-output>
          </reporter-output>
        </test-method> <!-- setup -->
        <test-method signature="LaunchTest()[pri:0, instance:com.bhupesh.selenium.HomePage@6e0dec4a]" started-at="2022-11-06T15:50:59 IST" name="LaunchTest" finished-at="2022-11-06T15:51:15 IST" duration-ms="16087" status="PASS">
          <reporter-output>
          </reporter-output>
        </test-method> <!-- LaunchTest -->
        <test-method is-config="true" signature="teardown(java.lang.reflect.Method,org.testng.ITestResult)[pri:0, instance:com.bhupesh.selenium.HomePage@6e0dec4a]" started-at="2022-11-06T15:51:16 IST" name="teardown" finished-at="2022-11-06T15:51:18 IST" duration-ms="1415" status="PASS">
          <params>
            <param index="0">
              <value>
                <![CDATA[public void com.bhupesh.selenium.HomePage.LaunchTest()]]>
              </value>
            </param>
            <param index="1">
              <value>
                <![CDATA[[TestResult name=LaunchTest status=SUCCESS method=HomePage.LaunchTest()[pri:0, instance:com.bhupesh.selenium.HomePage@6e0dec4a] output={null}]]]>
              </value>
            </param>
          </params>
          <reporter-output>
            <line>
              <![CDATA[LaunchTest method ends]]>
            </line>
          </reporter-output>
        </test-method> <!-- teardown -->
        <test-method is-config="true" signature="setup(java.lang.reflect.Method)[pri:0, instance:com.bhupesh.selenium.HomePage@6e0dec4a]" started-at="2022-11-06T15:51:18 IST" name="setup" finished-at="2022-11-06T15:51:18 IST" duration-ms="2" status="PASS">
          <params>
            <param index="0">
              <value>
                <![CDATA[public void com.bhupesh.selenium.HomePage.Logout()]]>
              </value>
            </param>
          </params>
          <reporter-output>
          </reporter-output>
        </test-method> <!-- setup -->
        <test-method signature="Logout()[pri:0, instance:com.bhupesh.selenium.HomePage@6e0dec4a]" started-at="2022-11-06T15:51:18 IST" name="Logout" finished-at="2022-11-06T15:51:18 IST" depends-on-methods="com.bhupesh.selenium.HomePage.LaunchTest" duration-ms="503" status="PASS">
          <reporter-output>
          </reporter-output>
        </test-method> <!-- Logout -->
        <test-method is-config="true" signature="teardown(java.lang.reflect.Method,org.testng.ITestResult)[pri:0, instance:com.bhupesh.selenium.HomePage@6e0dec4a]" started-at="2022-11-06T15:51:19 IST" name="teardown" finished-at="2022-11-06T15:51:19 IST" duration-ms="349" status="PASS">
          <params>
            <param index="0">
              <value>
                <![CDATA[public void com.bhupesh.selenium.HomePage.Logout()]]>
              </value>
            </param>
            <param index="1">
              <value>
                <![CDATA[[TestResult name=Logout status=SUCCESS method=HomePage.Logout()[pri:0, instance:com.bhupesh.selenium.HomePage@6e0dec4a] output={null}]]]>
              </value>
            </param>
          </params>
          <reporter-output>
            <line>
              <![CDATA[Logout method ends]]>
            </line>
          </reporter-output>
        </test-method> <!-- teardown -->
        <test-method is-config="true" signature="ExitClass()[pri:0, instance:com.bhupesh.selenium.HomePage@6e0dec4a]" started-at="2022-11-06T15:51:19 IST" name="ExitClass" finished-at="2022-11-06T15:51:19 IST" duration-ms="213" status="PASS">
          <reporter-output>
          </reporter-output>
        </test-method> <!-- ExitClass -->
      </class> <!-- com.bhupesh.selenium.HomePage -->
      <class name="com.bhupesh.selenium.TableTest">
        <test-method is-config="true" signature="PrepareTest()[pri:0, instance:com.bhupesh.selenium.TableTest@20d28811]" started-at="2022-11-06T15:51:19 IST" name="PrepareTest" finished-at="2022-11-06T15:51:24 IST" duration-ms="4810" status="PASS">
          <reporter-output>
          </reporter-output>
        </test-method> <!-- PrepareTest -->
        <test-method is-config="true" signature="setup(java.lang.reflect.Method)[pri:0, instance:com.bhupesh.selenium.TableTest@20d28811]" started-at="2022-11-06T15:51:24 IST" name="setup" finished-at="2022-11-06T15:51:24 IST" duration-ms="1" status="PASS">
          <params>
            <param index="0">
              <value>
                <![CDATA[public void com.bhupesh.selenium.TableTest.DeleteTableRecordsTest()]]>
              </value>
            </param>
          </params>
          <reporter-output>
          </reporter-output>
        </test-method> <!-- setup -->
        <test-method signature="DeleteTableRecordsTest()[pri:0, instance:com.bhupesh.selenium.TableTest@20d28811]" started-at="2022-11-06T15:51:24 IST" name="DeleteTableRecordsTest" finished-at="2022-11-06T15:51:38 IST" duration-ms="14096" status="PASS">
          <reporter-output>
          </reporter-output>
        </test-method> <!-- DeleteTableRecordsTest -->
        <test-method is-config="true" signature="teardown(java.lang.reflect.Method,org.testng.ITestResult)[pri:0, instance:com.bhupesh.selenium.TableTest@20d28811]" started-at="2022-11-06T15:51:38 IST" name="teardown" finished-at="2022-11-06T15:51:39 IST" duration-ms="359" status="PASS">
          <params>
            <param index="0">
              <value>
                <![CDATA[public void com.bhupesh.selenium.TableTest.DeleteTableRecordsTest()]]>
              </value>
            </param>
            <param index="1">
              <value>
                <![CDATA[[TestResult name=DeleteTableRecordsTest status=SUCCESS method=TableTest.DeleteTableRecordsTest()[pri:0, instance:com.bhupesh.selenium.TableTest@20d28811] output={null}]]]>
              </value>
            </param>
          </params>
          <reporter-output>
            <line>
              <![CDATA[DeleteTableRecordsTest method ends]]>
            </line>
          </reporter-output>
        </test-method> <!-- teardown -->
        <test-method is-config="true" signature="ExitClass()[pri:0, instance:com.bhupesh.selenium.TableTest@20d28811]" started-at="2022-11-06T15:51:39 IST" name="ExitClass" finished-at="2022-11-06T15:51:39 IST" duration-ms="270" status="PASS">
          <reporter-output>
          </reporter-output>
        </test-method> <!-- ExitClass -->
      </class> <!-- com.bhupesh.selenium.TableTest -->
    </test> <!-- Test -->
  </suite> <!-- Suite -->
</testng-results>
