<?xml version="1.0" encoding="UTF-8"?>
<testng-results ignored="1" total="4" passed="3" failed="0" skipped="0">
  <reporter-output>
    <line>
      <![CDATA[LaunchTest method ends]]>
    </line>
    <line>
      <![CDATA[Logout method ends]]>
    </line>
    <line>
      <![CDATA[DeleteTableRecordsTest method ends]]>
    </line>
  </reporter-output>
  <suite started-at="2022-11-05T18:20:35 IST" name="Suite" finished-at="2022-11-05T18:20:53 IST" duration-ms="18394">
    <groups>
      <group name="smoke">
        <method signature="TableTest.DeleteTableRecordsTest()[pri:0, instance:com.bhupesh.selenium.TableTest@708f5957]" name="DeleteTableRecordsTest" class="com.bhupesh.selenium.TableTest"/>
      </group> <!-- smoke -->
    </groups>
    <test started-at="2022-11-05T18:20:35 IST" name="Test" finished-at="2022-11-05T18:20:53 IST" duration-ms="18394">
      <class name="com.bhupesh.selenium.HomePage">
        <test-method is-config="true" signature="Initialize()[pri:0, instance:com.bhupesh.selenium.HomePage@3427b02d]" started-at="2022-11-05T18:20:33 IST" name="Initialize" finished-at="2022-11-05T18:20:35 IST" duration-ms="1535" status="PASS">
          <reporter-output>
          </reporter-output>
        </test-method> <!-- Initialize -->
        <test-method is-config="true" signature="PrepareTest()[pri:0, instance:com.bhupesh.selenium.HomePage@3427b02d]" started-at="2022-11-05T18:20:35 IST" name="PrepareTest" finished-at="2022-11-05T18:20:43 IST" duration-ms="8348" status="PASS">
          <reporter-output>
          </reporter-output>
        </test-method> <!-- PrepareTest -->
        <test-method is-config="true" signature="setup(java.lang.reflect.Method)[pri:0, instance:com.bhupesh.selenium.HomePage@3427b02d]" started-at="2022-11-05T18:20:43 IST" name="setup" finished-at="2022-11-05T18:20:43 IST" duration-ms="5" status="PASS">
          <params>
            <param index="0">
              <value>
                <![CDATA[public void com.bhupesh.selenium.HomePage.LaunchTest()]]>
              </value>
            </param>
          </params>
          <reporter-output>
          </reporter-output>
        </test-method> <!-- setup -->
        <test-method signature="LaunchTest()[pri:0, instance:com.bhupesh.selenium.HomePage@3427b02d]" started-at="2022-11-05T18:20:43 IST" name="LaunchTest" finished-at="2022-11-05T18:20:49 IST" duration-ms="6174" status="PASS">
          <reporter-output>
          </reporter-output>
        </test-method> <!-- LaunchTest -->
        <test-method is-config="true" signature="teardown(java.lang.reflect.Method,org.testng.ITestResult)[pri:0, instance:com.bhupesh.selenium.HomePage@3427b02d]" started-at="2022-11-05T18:20:49 IST" name="teardown" finished-at="2022-11-05T18:20:50 IST" duration-ms="146" status="PASS">
          <params>
            <param index="0">
              <value>
                <![CDATA[public void com.bhupesh.selenium.HomePage.LaunchTest()]]>
              </value>
            </param>
            <param index="1">
              <value>
                <![CDATA[[TestResult name=LaunchTest status=SUCCESS method=HomePage.LaunchTest()[pri:0, instance:com.bhupesh.selenium.HomePage@3427b02d] output={null}]]]>
              </value>
            </param>
          </params>
          <reporter-output>
            <line>
              <![CDATA[LaunchTest method ends]]>
            </line>
          </reporter-output>
        </test-method> <!-- teardown -->
        <test-method is-config="true" signature="setup(java.lang.reflect.Method)[pri:0, instance:com.bhupesh.selenium.HomePage@3427b02d]" started-at="2022-11-05T18:20:50 IST" name="setup" finished-at="2022-11-05T18:20:50 IST" duration-ms="3" status="PASS">
          <params>
            <param index="0">
              <value>
                <![CDATA[public void com.bhupesh.selenium.HomePage.Logout()]]>
              </value>
            </param>
          </params>
          <reporter-output>
          </reporter-output>
        </test-method> <!-- setup -->
        <test-method signature="Logout()[pri:0, instance:com.bhupesh.selenium.HomePage@3427b02d]" started-at="2022-11-05T18:20:50 IST" name="Logout" finished-at="2022-11-05T18:20:50 IST" depends-on-methods="com.bhupesh.selenium.HomePage.LaunchTest" duration-ms="486" status="PASS">
          <reporter-output>
          </reporter-output>
        </test-method> <!-- Logout -->
        <test-method is-config="true" signature="teardown(java.lang.reflect.Method,org.testng.ITestResult)[pri:0, instance:com.bhupesh.selenium.HomePage@3427b02d]" started-at="2022-11-05T18:20:50 IST" name="teardown" finished-at="2022-11-05T18:20:50 IST" duration-ms="175" status="PASS">
          <params>
            <param index="0">
              <value>
                <![CDATA[public void com.bhupesh.selenium.HomePage.Logout()]]>
              </value>
            </param>
            <param index="1">
              <value>
                <![CDATA[[TestResult name=Logout status=SUCCESS method=HomePage.Logout()[pri:0, instance:com.bhupesh.selenium.HomePage@3427b02d] output={null}]]]>
              </value>
            </param>
          </params>
          <reporter-output>
            <line>
              <![CDATA[Logout method ends]]>
            </line>
          </reporter-output>
        </test-method> <!-- teardown -->
        <test-method is-config="true" signature="ExitClass()[pri:0, instance:com.bhupesh.selenium.HomePage@3427b02d]" started-at="2022-11-05T18:20:50 IST" name="ExitClass" finished-at="2022-11-05T18:20:51 IST" duration-ms="460" status="PASS">
          <reporter-output>
          </reporter-output>
        </test-method> <!-- ExitClass -->
      </class> <!-- com.bhupesh.selenium.HomePage -->
      <class name="com.bhupesh.selenium.TableTest">
        <test-method is-config="true" signature="PrepareTest()[pri:0, instance:com.bhupesh.selenium.TableTest@708f5957]" started-at="2022-11-05T18:20:35 IST" name="PrepareTest" finished-at="2022-11-05T18:20:43 IST" duration-ms="8349" status="PASS">
          <reporter-output>
          </reporter-output>
        </test-method> <!-- PrepareTest -->
        <test-method is-config="true" signature="setup(java.lang.reflect.Method)[pri:0, instance:com.bhupesh.selenium.TableTest@708f5957]" started-at="2022-11-05T18:20:43 IST" name="setup" finished-at="2022-11-05T18:20:43 IST" duration-ms="4" status="PASS">
          <params>
            <param index="0">
              <value>
                <![CDATA[public void com.bhupesh.selenium.TableTest.DeleteTableRecordsTest()]]>
              </value>
            </param>
          </params>
          <reporter-output>
          </reporter-output>
        </test-method> <!-- setup -->
        <test-method signature="DeleteTableRecordsTest()[pri:0, instance:com.bhupesh.selenium.TableTest@708f5957]" started-at="2022-11-05T18:20:43 IST" name="DeleteTableRecordsTest" finished-at="2022-11-05T18:20:52 IST" duration-ms="9285" status="PASS">
          <reporter-output>
          </reporter-output>
        </test-method> <!-- DeleteTableRecordsTest -->
        <test-method is-config="true" signature="teardown(java.lang.reflect.Method,org.testng.ITestResult)[pri:0, instance:com.bhupesh.selenium.TableTest@708f5957]" started-at="2022-11-05T18:20:53 IST" name="teardown" finished-at="2022-11-05T18:20:53 IST" duration-ms="173" status="PASS">
          <params>
            <param index="0">
              <value>
                <![CDATA[public void com.bhupesh.selenium.TableTest.DeleteTableRecordsTest()]]>
              </value>
            </param>
            <param index="1">
              <value>
                <![CDATA[[TestResult name=DeleteTableRecordsTest status=SUCCESS method=TableTest.DeleteTableRecordsTest()[pri:0, instance:com.bhupesh.selenium.TableTest@708f5957] output={null}]]]>
              </value>
            </param>
          </params>
          <reporter-output>
            <line>
              <![CDATA[DeleteTableRecordsTest method ends]]>
            </line>
          </reporter-output>
        </test-method> <!-- teardown -->
        <test-method is-config="true" signature="ExitClass()[pri:0, instance:com.bhupesh.selenium.TableTest@708f5957]" started-at="2022-11-05T18:20:53 IST" name="ExitClass" finished-at="2022-11-05T18:20:53 IST" duration-ms="361" status="PASS">
          <reporter-output>
          </reporter-output>
        </test-method> <!-- ExitClass -->
      </class> <!-- com.bhupesh.selenium.TableTest -->
    </test> <!-- Test -->
  </suite> <!-- Suite -->
</testng-results>
